<?xml version="1.0" encoding="UTF-8"?>
<!-- Generated by org.testng.reporters.JUnitReportReporter -->
<testsuite hostname="hp" name="p3.c1" tests="1" failures="0" timestamp="8 May 2017 11:51:27 GMT" time="0.245" errors="0">
  <testcase name="method2" time="0.245" classname="p3.c1"/>
</testsuite> <!-- p3.c1 -->
