<?xml version="1.0" encoding="UTF-8"?>
<!-- Generated by org.testng.reporters.JUnitReportReporter -->
<testsuite hostname="hp" name="p3.c2" tests="1" failures="0" timestamp="8 May 2017 11:57:53 GMT" time="0.047" errors="0">
  <testcase name="method3" time="0.047" classname="p3.c2"/>
</testsuite> <!-- p3.c2 -->
